The system is: Linux - 2.6.32-754.10.1.el6.x86_64 - x86_64
Compiling the C compiler identification source file "CMakeCCompilerId.c" succeeded.
Compiler: /cvmfs/clicdp.cern.ch/compilers/gcc/7.3.0/x86_64-slc6/bin/gcc 
Build flags: 
Id flags:  

The output was:
0


Compilation of the C compiler identification source "CMakeCCompilerId.c" produced "a.out"

The C compiler identification is GNU, found in "/afs/cern.ch/user/r/rbosley/public/CLIC/mymarlin/build/CMakeFiles/3.9.5/CompilerIdC/a.out"

Compiling the CXX compiler identification source file "CMakeCXXCompilerId.cpp" succeeded.
Compiler: /cvmfs/clicdp.cern.ch/compilers/gcc/7.3.0/x86_64-slc6/bin/g++ 
Build flags: 
Id flags:  

The output was:
0


Compilation of the CXX compiler identification source "CMakeCXXCompilerId.cpp" produced "a.out"

The CXX compiler identification is GNU, found in "/afs/cern.ch/user/r/rbosley/public/CLIC/mymarlin/build/CMakeFiles/3.9.5/CompilerIdCXX/a.out"

Determining if the C compiler works passed with the following output:
Change Dir: /afs/cern.ch/user/r/rbosley/public/CLIC/mymarlin/build/CMakeFiles/CMakeTmp

Run Build Command:"/usr/bin/gmake" "cmTC_1193d/fast"
/usr/bin/gmake -f CMakeFiles/cmTC_1193d.dir/build.make CMakeFiles/cmTC_1193d.dir/build
gmake[1]: Entering directory `/afs/cern.ch/user/r/rbosley/public/CLIC/mymarlin/build/CMakeFiles/CMakeTmp'
Building C object CMakeFiles/cmTC_1193d.dir/testCCompiler.c.o
/cvmfs/clicdp.cern.ch/compilers/gcc/7.3.0/x86_64-slc6/bin/gcc    -o CMakeFiles/cmTC_1193d.dir/testCCompiler.c.o   -c /afs/cern.ch/user/r/rbosley/public/CLIC/mymarlin/build/CMakeFiles/CMakeTmp/testCCompiler.c
Linking C executable cmTC_1193d
/cvmfs/clicdp.cern.ch/software/CMake/3.9.5/x86_64-slc6-gcc7-opt/bin/cmake -E cmake_link_script CMakeFiles/cmTC_1193d.dir/link.txt --verbose=1
/cvmfs/clicdp.cern.ch/compilers/gcc/7.3.0/x86_64-slc6/bin/gcc      -rdynamic CMakeFiles/cmTC_1193d.dir/testCCompiler.c.o  -o cmTC_1193d 
gmake[1]: Leaving directory `/afs/cern.ch/user/r/rbosley/public/CLIC/mymarlin/build/CMakeFiles/CMakeTmp'


Detecting C compiler ABI info compiled with the following output:
Change Dir: /afs/cern.ch/user/r/rbosley/public/CLIC/mymarlin/build/CMakeFiles/CMakeTmp

Run Build Command:"/usr/bin/gmake" "cmTC_be092/fast"
/usr/bin/gmake -f CMakeFiles/cmTC_be092.dir/build.make CMakeFiles/cmTC_be092.dir/build
gmake[1]: Entering directory `/afs/cern.ch/user/r/rbosley/public/CLIC/mymarlin/build/CMakeFiles/CMakeTmp'
Building C object CMakeFiles/cmTC_be092.dir/CMakeCCompilerABI.c.o
/cvmfs/clicdp.cern.ch/compilers/gcc/7.3.0/x86_64-slc6/bin/gcc    -o CMakeFiles/cmTC_be092.dir/CMakeCCompilerABI.c.o   -c /cvmfs/clicdp.cern.ch/software/CMake/3.9.5/x86_64-slc6-gcc7-opt/share/cmake-3.9/Modules/CMakeCCompilerABI.c
Linking C executable cmTC_be092
/cvmfs/clicdp.cern.ch/software/CMake/3.9.5/x86_64-slc6-gcc7-opt/bin/cmake -E cmake_link_script CMakeFiles/cmTC_be092.dir/link.txt --verbose=1
/cvmfs/clicdp.cern.ch/compilers/gcc/7.3.0/x86_64-slc6/bin/gcc     -v -rdynamic CMakeFiles/cmTC_be092.dir/CMakeCCompilerABI.c.o  -o cmTC_be092 
Using built-in specs.
COLLECT_GCC=/cvmfs/clicdp.cern.ch/compilers/gcc/7.3.0/x86_64-slc6/bin/gcc
COLLECT_LTO_WRAPPER=/cvmfs/clicdp.cern.ch/compilers/gcc/7.3.0/x86_64-slc6/libexec/gcc/x86_64-pc-linux-gnu/7.3.0/lto-wrapper
Target: x86_64-pc-linux-gnu
Configured with: ./configure --prefix=/cvmfs/clicdp.cern.ch/compilers/gcc/7.3.0/x86_64-slc6/
Thread model: posix
gcc version 7.3.0 (GCC) 
COMPILER_PATH=/cvmfs/clicdp.cern.ch/compilers/gcc/7.3.0/x86_64-slc6/libexec/gcc/x86_64-pc-linux-gnu/7.3.0/:/cvmfs/clicdp.cern.ch/compilers/gcc/7.3.0/x86_64-slc6/libexec/gcc/x86_64-pc-linux-gnu/7.3.0/:/cvmfs/clicdp.cern.ch/compilers/gcc/7.3.0/x86_64-slc6/libexec/gcc/x86_64-pc-linux-gnu/:/cvmfs/clicdp.cern.ch/compilers/gcc/7.3.0/x86_64-slc6/lib/gcc/x86_64-pc-linux-gnu/7.3.0/:/cvmfs/clicdp.cern.ch/compilers/gcc/7.3.0/x86_64-slc6/lib/gcc/x86_64-pc-linux-gnu/
LIBRARY_PATH=/cvmfs/clicdp.cern.ch/compilers/gcc/7.3.0/x86_64-slc6/lib/gcc/x86_64-pc-linux-gnu/7.3.0/:/cvmfs/clicdp.cern.ch/compilers/gcc/7.3.0/x86_64-slc6/lib/gcc/x86_64-pc-linux-gnu/7.3.0/../../../../lib64/:/lib/../lib64/:/usr/lib/../lib64/:/cvmfs/clicdp.cern.ch/compilers/gcc/7.3.0/x86_64-slc6/lib/gcc/x86_64-pc-linux-gnu/7.3.0/../../../:/lib/:/usr/lib/
COLLECT_GCC_OPTIONS='-v' '-rdynamic' '-o' 'cmTC_be092' '-mtune=generic' '-march=x86-64'
 /cvmfs/clicdp.cern.ch/compilers/gcc/7.3.0/x86_64-slc6/libexec/gcc/x86_64-pc-linux-gnu/7.3.0/collect2 --eh-frame-hdr -m elf_x86_64 -export-dynamic -dynamic-linker /lib64/ld-linux-x86-64.so.2 -o cmTC_be092 /usr/lib/../lib64/crt1.o /usr/lib/../lib64/crti.o /cvmfs/clicdp.cern.ch/compilers/gcc/7.3.0/x86_64-slc6/lib/gcc/x86_64-pc-linux-gnu/7.3.0/crtbegin.o -L/cvmfs/clicdp.cern.ch/compilers/gcc/7.3.0/x86_64-slc6/lib/gcc/x86_64-pc-linux-gnu/7.3.0 -L/cvmfs/clicdp.cern.ch/compilers/gcc/7.3.0/x86_64-slc6/lib/gcc/x86_64-pc-linux-gnu/7.3.0/../../../../lib64 -L/lib/../lib64 -L/usr/lib/../lib64 -L/cvmfs/clicdp.cern.ch/compilers/gcc/7.3.0/x86_64-slc6/lib/gcc/x86_64-pc-linux-gnu/7.3.0/../../.. CMakeFiles/cmTC_be092.dir/CMakeCCompilerABI.c.o -lgcc --as-needed -lgcc_s --no-as-needed -lc -lgcc --as-needed -lgcc_s --no-as-needed /cvmfs/clicdp.cern.ch/compilers/gcc/7.3.0/x86_64-slc6/lib/gcc/x86_64-pc-linux-gnu/7.3.0/crtend.o /usr/lib/../lib64/crtn.o
COLLECT_GCC_OPTIONS='-v' '-rdynamic' '-o' 'cmTC_be092' '-mtune=generic' '-march=x86-64'
gmake[1]: Leaving directory `/afs/cern.ch/user/r/rbosley/public/CLIC/mymarlin/build/CMakeFiles/CMakeTmp'


Parsed C implicit link information from above output:
  link line regex: [^( *|.*[/\])(ld|CMAKE_LINK_STARTFILE-NOTFOUND|([^/\]+-)?ld|collect2)[^/\]*( |$)]
  ignore line: [Change Dir: /afs/cern.ch/user/r/rbosley/public/CLIC/mymarlin/build/CMakeFiles/CMakeTmp]
  ignore line: []
  ignore line: [Run Build Command:"/usr/bin/gmake" "cmTC_be092/fast"]
  ignore line: [/usr/bin/gmake -f CMakeFiles/cmTC_be092.dir/build.make CMakeFiles/cmTC_be092.dir/build]
  ignore line: [gmake[1]: Entering directory `/afs/cern.ch/user/r/rbosley/public/CLIC/mymarlin/build/CMakeFiles/CMakeTmp']
  ignore line: [Building C object CMakeFiles/cmTC_be092.dir/CMakeCCompilerABI.c.o]
  ignore line: [/cvmfs/clicdp.cern.ch/compilers/gcc/7.3.0/x86_64-slc6/bin/gcc    -o CMakeFiles/cmTC_be092.dir/CMakeCCompilerABI.c.o   -c /cvmfs/clicdp.cern.ch/software/CMake/3.9.5/x86_64-slc6-gcc7-opt/share/cmake-3.9/Modules/CMakeCCompilerABI.c]
  ignore line: [Linking C executable cmTC_be092]
  ignore line: [/cvmfs/clicdp.cern.ch/software/CMake/3.9.5/x86_64-slc6-gcc7-opt/bin/cmake -E cmake_link_script CMakeFiles/cmTC_be092.dir/link.txt --verbose=1]
  ignore line: [/cvmfs/clicdp.cern.ch/compilers/gcc/7.3.0/x86_64-slc6/bin/gcc     -v -rdynamic CMakeFiles/cmTC_be092.dir/CMakeCCompilerABI.c.o  -o cmTC_be092 ]
  ignore line: [Using built-in specs.]
  ignore line: [COLLECT_GCC=/cvmfs/clicdp.cern.ch/compilers/gcc/7.3.0/x86_64-slc6/bin/gcc]
  ignore line: [COLLECT_LTO_WRAPPER=/cvmfs/clicdp.cern.ch/compilers/gcc/7.3.0/x86_64-slc6/libexec/gcc/x86_64-pc-linux-gnu/7.3.0/lto-wrapper]
  ignore line: [Target: x86_64-pc-linux-gnu]
  ignore line: [Configured with: ./configure --prefix=/cvmfs/clicdp.cern.ch/compilers/gcc/7.3.0/x86_64-slc6/]
  ignore line: [Thread model: posix]
  ignore line: [gcc version 7.3.0 (GCC) ]
  ignore line: [COMPILER_PATH=/cvmfs/clicdp.cern.ch/compilers/gcc/7.3.0/x86_64-slc6/libexec/gcc/x86_64-pc-linux-gnu/7.3.0/:/cvmfs/clicdp.cern.ch/compilers/gcc/7.3.0/x86_64-slc6/libexec/gcc/x86_64-pc-linux-gnu/7.3.0/:/cvmfs/clicdp.cern.ch/compilers/gcc/7.3.0/x86_64-slc6/libexec/gcc/x86_64-pc-linux-gnu/:/cvmfs/clicdp.cern.ch/compilers/gcc/7.3.0/x86_64-slc6/lib/gcc/x86_64-pc-linux-gnu/7.3.0/:/cvmfs/clicdp.cern.ch/compilers/gcc/7.3.0/x86_64-slc6/lib/gcc/x86_64-pc-linux-gnu/]
  ignore line: [LIBRARY_PATH=/cvmfs/clicdp.cern.ch/compilers/gcc/7.3.0/x86_64-slc6/lib/gcc/x86_64-pc-linux-gnu/7.3.0/:/cvmfs/clicdp.cern.ch/compilers/gcc/7.3.0/x86_64-slc6/lib/gcc/x86_64-pc-linux-gnu/7.3.0/../../../../lib64/:/lib/../lib64/:/usr/lib/../lib64/:/cvmfs/clicdp.cern.ch/compilers/gcc/7.3.0/x86_64-slc6/lib/gcc/x86_64-pc-linux-gnu/7.3.0/../../../:/lib/:/usr/lib/]
  ignore line: [COLLECT_GCC_OPTIONS='-v' '-rdynamic' '-o' 'cmTC_be092' '-mtune=generic' '-march=x86-64']
  link line: [ /cvmfs/clicdp.cern.ch/compilers/gcc/7.3.0/x86_64-slc6/libexec/gcc/x86_64-pc-linux-gnu/7.3.0/collect2 --eh-frame-hdr -m elf_x86_64 -export-dynamic -dynamic-linker /lib64/ld-linux-x86-64.so.2 -o cmTC_be092 /usr/lib/../lib64/crt1.o /usr/lib/../lib64/crti.o /cvmfs/clicdp.cern.ch/compilers/gcc/7.3.0/x86_64-slc6/lib/gcc/x86_64-pc-linux-gnu/7.3.0/crtbegin.o -L/cvmfs/clicdp.cern.ch/compilers/gcc/7.3.0/x86_64-slc6/lib/gcc/x86_64-pc-linux-gnu/7.3.0 -L/cvmfs/clicdp.cern.ch/compilers/gcc/7.3.0/x86_64-slc6/lib/gcc/x86_64-pc-linux-gnu/7.3.0/../../../../lib64 -L/lib/../lib64 -L/usr/lib/../lib64 -L/cvmfs/clicdp.cern.ch/compilers/gcc/7.3.0/x86_64-slc6/lib/gcc/x86_64-pc-linux-gnu/7.3.0/../../.. CMakeFiles/cmTC_be092.dir/CMakeCCompilerABI.c.o -lgcc --as-needed -lgcc_s --no-as-needed -lc -lgcc --as-needed -lgcc_s --no-as-needed /cvmfs/clicdp.cern.ch/compilers/gcc/7.3.0/x86_64-slc6/lib/gcc/x86_64-pc-linux-gnu/7.3.0/crtend.o /usr/lib/../lib64/crtn.o]
    arg [/cvmfs/clicdp.cern.ch/compilers/gcc/7.3.0/x86_64-slc6/libexec/gcc/x86_64-pc-linux-gnu/7.3.0/collect2] ==> ignore
    arg [--eh-frame-hdr] ==> ignore
    arg [-m] ==> ignore
    arg [elf_x86_64] ==> ignore
    arg [-export-dynamic] ==> ignore
    arg [-dynamic-linker] ==> ignore
    arg [/lib64/ld-linux-x86-64.so.2] ==> ignore
    arg [-o] ==> ignore
    arg [cmTC_be092] ==> ignore
    arg [/usr/lib/../lib64/crt1.o] ==> ignore
    arg [/usr/lib/../lib64/crti.o] ==> ignore
    arg [/cvmfs/clicdp.cern.ch/compilers/gcc/7.3.0/x86_64-slc6/lib/gcc/x86_64-pc-linux-gnu/7.3.0/crtbegin.o] ==> ignore
    arg [-L/cvmfs/clicdp.cern.ch/compilers/gcc/7.3.0/x86_64-slc6/lib/gcc/x86_64-pc-linux-gnu/7.3.0] ==> dir [/cvmfs/clicdp.cern.ch/compilers/gcc/7.3.0/x86_64-slc6/lib/gcc/x86_64-pc-linux-gnu/7.3.0]
    arg [-L/cvmfs/clicdp.cern.ch/compilers/gcc/7.3.0/x86_64-slc6/lib/gcc/x86_64-pc-linux-gnu/7.3.0/../../../../lib64] ==> dir [/cvmfs/clicdp.cern.ch/compilers/gcc/7.3.0/x86_64-slc6/lib/gcc/x86_64-pc-linux-gnu/7.3.0/../../../../lib64]
    arg [-L/lib/../lib64] ==> dir [/lib/../lib64]
    arg [-L/usr/lib/../lib64] ==> dir [/usr/lib/../lib64]
    arg [-L/cvmfs/clicdp.cern.ch/compilers/gcc/7.3.0/x86_64-slc6/lib/gcc/x86_64-pc-linux-gnu/7.3.0/../../..] ==> dir [/cvmfs/clicdp.cern.ch/compilers/gcc/7.3.0/x86_64-slc6/lib/gcc/x86_64-pc-linux-gnu/7.3.0/../../..]
    arg [CMakeFiles/cmTC_be092.dir/CMakeCCompilerABI.c.o] ==> ignore
    arg [-lgcc] ==> lib [gcc]
    arg [--as-needed] ==> ignore
    arg [-lgcc_s] ==> lib [gcc_s]
    arg [--no-as-needed] ==> ignore
    arg [-lc] ==> lib [c]
    arg [-lgcc] ==> lib [gcc]
    arg [--as-needed] ==> ignore
    arg [-lgcc_s] ==> lib [gcc_s]
    arg [--no-as-needed] ==> ignore
    arg [/cvmfs/clicdp.cern.ch/compilers/gcc/7.3.0/x86_64-slc6/lib/gcc/x86_64-pc-linux-gnu/7.3.0/crtend.o] ==> ignore
    arg [/usr/lib/../lib64/crtn.o] ==> ignore
  collapse library dir [/cvmfs/clicdp.cern.ch/compilers/gcc/7.3.0/x86_64-slc6/lib/gcc/x86_64-pc-linux-gnu/7.3.0] ==> [/cvmfs/clicdp.cern.ch/compilers/gcc/7.3.0/x86_64-slc6/lib/gcc/x86_64-pc-linux-gnu/7.3.0]
  collapse library dir [/cvmfs/clicdp.cern.ch/compilers/gcc/7.3.0/x86_64-slc6/lib/gcc/x86_64-pc-linux-gnu/7.3.0/../../../../lib64] ==> [/cvmfs/clicdp.cern.ch/compilers/gcc/7.3.0/x86_64-slc6/lib64]
  collapse library dir [/lib/../lib64] ==> [/lib64]
  collapse library dir [/usr/lib/../lib64] ==> [/usr/lib64]
  collapse library dir [/cvmfs/clicdp.cern.ch/compilers/gcc/7.3.0/x86_64-slc6/lib/gcc/x86_64-pc-linux-gnu/7.3.0/../../..] ==> [/cvmfs/clicdp.cern.ch/compilers/gcc/7.3.0/x86_64-slc6/lib]
  implicit libs: [gcc;gcc_s;c;gcc;gcc_s]
  implicit dirs: [/cvmfs/clicdp.cern.ch/compilers/gcc/7.3.0/x86_64-slc6/lib/gcc/x86_64-pc-linux-gnu/7.3.0;/cvmfs/clicdp.cern.ch/compilers/gcc/7.3.0/x86_64-slc6/lib64;/lib64;/usr/lib64;/cvmfs/clicdp.cern.ch/compilers/gcc/7.3.0/x86_64-slc6/lib]
  implicit fwks: []




Detecting C [-std=c11] compiler features compiled with the following output:
Change Dir: /afs/cern.ch/user/r/rbosley/public/CLIC/mymarlin/build/CMakeFiles/CMakeTmp

Run Build Command:"/usr/bin/gmake" "cmTC_93acd/fast"
/usr/bin/gmake -f CMakeFiles/cmTC_93acd.dir/build.make CMakeFiles/cmTC_93acd.dir/build
gmake[1]: Entering directory `/afs/cern.ch/user/r/rbosley/public/CLIC/mymarlin/build/CMakeFiles/CMakeTmp'
Building C object CMakeFiles/cmTC_93acd.dir/feature_tests.c.o
/cvmfs/clicdp.cern.ch/compilers/gcc/7.3.0/x86_64-slc6/bin/gcc   -std=c11 -o CMakeFiles/cmTC_93acd.dir/feature_tests.c.o   -c /afs/cern.ch/user/r/rbosley/public/CLIC/mymarlin/build/CMakeFiles/feature_tests.c
Linking C executable cmTC_93acd
/cvmfs/clicdp.cern.ch/software/CMake/3.9.5/x86_64-slc6-gcc7-opt/bin/cmake -E cmake_link_script CMakeFiles/cmTC_93acd.dir/link.txt --verbose=1
/cvmfs/clicdp.cern.ch/compilers/gcc/7.3.0/x86_64-slc6/bin/gcc      -rdynamic CMakeFiles/cmTC_93acd.dir/feature_tests.c.o  -o cmTC_93acd 
gmake[1]: Leaving directory `/afs/cern.ch/user/r/rbosley/public/CLIC/mymarlin/build/CMakeFiles/CMakeTmp'


    Feature record: C_FEATURE:1c_function_prototypes
    Feature record: C_FEATURE:1c_restrict
    Feature record: C_FEATURE:1c_static_assert
    Feature record: C_FEATURE:1c_variadic_macros


Detecting C [-std=c99] compiler features compiled with the following output:
Change Dir: /afs/cern.ch/user/r/rbosley/public/CLIC/mymarlin/build/CMakeFiles/CMakeTmp

Run Build Command:"/usr/bin/gmake" "cmTC_28395/fast"
/usr/bin/gmake -f CMakeFiles/cmTC_28395.dir/build.make CMakeFiles/cmTC_28395.dir/build
gmake[1]: Entering directory `/afs/cern.ch/user/r/rbosley/public/CLIC/mymarlin/build/CMakeFiles/CMakeTmp'
Building C object CMakeFiles/cmTC_28395.dir/feature_tests.c.o
/cvmfs/clicdp.cern.ch/compilers/gcc/7.3.0/x86_64-slc6/bin/gcc   -std=c99 -o CMakeFiles/cmTC_28395.dir/feature_tests.c.o   -c /afs/cern.ch/user/r/rbosley/public/CLIC/mymarlin/build/CMakeFiles/feature_tests.c
Linking C executable cmTC_28395
/cvmfs/clicdp.cern.ch/software/CMake/3.9.5/x86_64-slc6-gcc7-opt/bin/cmake -E cmake_link_script CMakeFiles/cmTC_28395.dir/link.txt --verbose=1
/cvmfs/clicdp.cern.ch/compilers/gcc/7.3.0/x86_64-slc6/bin/gcc      -rdynamic CMakeFiles/cmTC_28395.dir/feature_tests.c.o  -o cmTC_28395 
gmake[1]: Leaving directory `/afs/cern.ch/user/r/rbosley/public/CLIC/mymarlin/build/CMakeFiles/CMakeTmp'


    Feature record: C_FEATURE:1c_function_prototypes
    Feature record: C_FEATURE:1c_restrict
    Feature record: C_FEATURE:0c_static_assert
    Feature record: C_FEATURE:1c_variadic_macros


Detecting C [-std=c90] compiler features compiled with the following output:
Change Dir: /afs/cern.ch/user/r/rbosley/public/CLIC/mymarlin/build/CMakeFiles/CMakeTmp

Run Build Command:"/usr/bin/gmake" "cmTC_954a6/fast"
/usr/bin/gmake -f CMakeFiles/cmTC_954a6.dir/build.make CMakeFiles/cmTC_954a6.dir/build
gmake[1]: Entering directory `/afs/cern.ch/user/r/rbosley/public/CLIC/mymarlin/build/CMakeFiles/CMakeTmp'
Building C object CMakeFiles/cmTC_954a6.dir/feature_tests.c.o
/cvmfs/clicdp.cern.ch/compilers/gcc/7.3.0/x86_64-slc6/bin/gcc   -std=c90 -o CMakeFiles/cmTC_954a6.dir/feature_tests.c.o   -c /afs/cern.ch/user/r/rbosley/public/CLIC/mymarlin/build/CMakeFiles/feature_tests.c
Linking C executable cmTC_954a6
/cvmfs/clicdp.cern.ch/software/CMake/3.9.5/x86_64-slc6-gcc7-opt/bin/cmake -E cmake_link_script CMakeFiles/cmTC_954a6.dir/link.txt --verbose=1
/cvmfs/clicdp.cern.ch/compilers/gcc/7.3.0/x86_64-slc6/bin/gcc      -rdynamic CMakeFiles/cmTC_954a6.dir/feature_tests.c.o  -o cmTC_954a6 
gmake[1]: Leaving directory `/afs/cern.ch/user/r/rbosley/public/CLIC/mymarlin/build/CMakeFiles/CMakeTmp'


    Feature record: C_FEATURE:1c_function_prototypes
    Feature record: C_FEATURE:0c_restrict
    Feature record: C_FEATURE:0c_static_assert
    Feature record: C_FEATURE:0c_variadic_macros
Determining if the CXX compiler works passed with the following output:
Change Dir: /afs/cern.ch/user/r/rbosley/public/CLIC/mymarlin/build/CMakeFiles/CMakeTmp

Run Build Command:"/usr/bin/gmake" "cmTC_f29ad/fast"
/usr/bin/gmake -f CMakeFiles/cmTC_f29ad.dir/build.make CMakeFiles/cmTC_f29ad.dir/build
gmake[1]: Entering directory `/afs/cern.ch/user/r/rbosley/public/CLIC/mymarlin/build/CMakeFiles/CMakeTmp'
Building CXX object CMakeFiles/cmTC_f29ad.dir/testCXXCompiler.cxx.o
/cvmfs/clicdp.cern.ch/compilers/gcc/7.3.0/x86_64-slc6/bin/g++     -o CMakeFiles/cmTC_f29ad.dir/testCXXCompiler.cxx.o -c /afs/cern.ch/user/r/rbosley/public/CLIC/mymarlin/build/CMakeFiles/CMakeTmp/testCXXCompiler.cxx
Linking CXX executable cmTC_f29ad
/cvmfs/clicdp.cern.ch/software/CMake/3.9.5/x86_64-slc6-gcc7-opt/bin/cmake -E cmake_link_script CMakeFiles/cmTC_f29ad.dir/link.txt --verbose=1
/cvmfs/clicdp.cern.ch/compilers/gcc/7.3.0/x86_64-slc6/bin/g++       -rdynamic CMakeFiles/cmTC_f29ad.dir/testCXXCompiler.cxx.o  -o cmTC_f29ad 
gmake[1]: Leaving directory `/afs/cern.ch/user/r/rbosley/public/CLIC/mymarlin/build/CMakeFiles/CMakeTmp'


Detecting CXX compiler ABI info compiled with the following output:
Change Dir: /afs/cern.ch/user/r/rbosley/public/CLIC/mymarlin/build/CMakeFiles/CMakeTmp

Run Build Command:"/usr/bin/gmake" "cmTC_db334/fast"
/usr/bin/gmake -f CMakeFiles/cmTC_db334.dir/build.make CMakeFiles/cmTC_db334.dir/build
gmake[1]: Entering directory `/afs/cern.ch/user/r/rbosley/public/CLIC/mymarlin/build/CMakeFiles/CMakeTmp'
Building CXX object CMakeFiles/cmTC_db334.dir/CMakeCXXCompilerABI.cpp.o
/cvmfs/clicdp.cern.ch/compilers/gcc/7.3.0/x86_64-slc6/bin/g++     -o CMakeFiles/cmTC_db334.dir/CMakeCXXCompilerABI.cpp.o -c /cvmfs/clicdp.cern.ch/software/CMake/3.9.5/x86_64-slc6-gcc7-opt/share/cmake-3.9/Modules/CMakeCXXCompilerABI.cpp
Linking CXX executable cmTC_db334
/cvmfs/clicdp.cern.ch/software/CMake/3.9.5/x86_64-slc6-gcc7-opt/bin/cmake -E cmake_link_script CMakeFiles/cmTC_db334.dir/link.txt --verbose=1
/cvmfs/clicdp.cern.ch/compilers/gcc/7.3.0/x86_64-slc6/bin/g++      -v -rdynamic CMakeFiles/cmTC_db334.dir/CMakeCXXCompilerABI.cpp.o  -o cmTC_db334 
Using built-in specs.
COLLECT_GCC=/cvmfs/clicdp.cern.ch/compilers/gcc/7.3.0/x86_64-slc6/bin/g++
COLLECT_LTO_WRAPPER=/cvmfs/clicdp.cern.ch/compilers/gcc/7.3.0/x86_64-slc6/libexec/gcc/x86_64-pc-linux-gnu/7.3.0/lto-wrapper
Target: x86_64-pc-linux-gnu
Configured with: ./configure --prefix=/cvmfs/clicdp.cern.ch/compilers/gcc/7.3.0/x86_64-slc6/
Thread model: posix
gcc version 7.3.0 (GCC) 
COMPILER_PATH=/cvmfs/clicdp.cern.ch/compilers/gcc/7.3.0/x86_64-slc6/libexec/gcc/x86_64-pc-linux-gnu/7.3.0/:/cvmfs/clicdp.cern.ch/compilers/gcc/7.3.0/x86_64-slc6/libexec/gcc/x86_64-pc-linux-gnu/7.3.0/:/cvmfs/clicdp.cern.ch/compilers/gcc/7.3.0/x86_64-slc6/libexec/gcc/x86_64-pc-linux-gnu/:/cvmfs/clicdp.cern.ch/compilers/gcc/7.3.0/x86_64-slc6/lib/gcc/x86_64-pc-linux-gnu/7.3.0/:/cvmfs/clicdp.cern.ch/compilers/gcc/7.3.0/x86_64-slc6/lib/gcc/x86_64-pc-linux-gnu/
LIBRARY_PATH=/cvmfs/clicdp.cern.ch/compilers/gcc/7.3.0/x86_64-slc6/lib/gcc/x86_64-pc-linux-gnu/7.3.0/:/cvmfs/clicdp.cern.ch/compilers/gcc/7.3.0/x86_64-slc6/lib/gcc/x86_64-pc-linux-gnu/7.3.0/../../../../lib64/:/lib/../lib64/:/usr/lib/../lib64/:/cvmfs/clicdp.cern.ch/compilers/gcc/7.3.0/x86_64-slc6/lib/gcc/x86_64-pc-linux-gnu/7.3.0/../../../:/lib/:/usr/lib/
COLLECT_GCC_OPTIONS='-v' '-rdynamic' '-o' 'cmTC_db334' '-shared-libgcc' '-mtune=generic' '-march=x86-64'
 /cvmfs/clicdp.cern.ch/compilers/gcc/7.3.0/x86_64-slc6/libexec/gcc/x86_64-pc-linux-gnu/7.3.0/collect2 --eh-frame-hdr -m elf_x86_64 -export-dynamic -dynamic-linker /lib64/ld-linux-x86-64.so.2 -o cmTC_db334 /usr/lib/../lib64/crt1.o /usr/lib/../lib64/crti.o /cvmfs/clicdp.cern.ch/compilers/gcc/7.3.0/x86_64-slc6/lib/gcc/x86_64-pc-linux-gnu/7.3.0/crtbegin.o -L/cvmfs/clicdp.cern.ch/compilers/gcc/7.3.0/x86_64-slc6/lib/gcc/x86_64-pc-linux-gnu/7.3.0 -L/cvmfs/clicdp.cern.ch/compilers/gcc/7.3.0/x86_64-slc6/lib/gcc/x86_64-pc-linux-gnu/7.3.0/../../../../lib64 -L/lib/../lib64 -L/usr/lib/../lib64 -L/cvmfs/clicdp.cern.ch/compilers/gcc/7.3.0/x86_64-slc6/lib/gcc/x86_64-pc-linux-gnu/7.3.0/../../.. CMakeFiles/cmTC_db334.dir/CMakeCXXCompilerABI.cpp.o -lstdc++ -lm -lgcc_s -lgcc -lc -lgcc_s -lgcc /cvmfs/clicdp.cern.ch/compilers/gcc/7.3.0/x86_64-slc6/lib/gcc/x86_64-pc-linux-gnu/7.3.0/crtend.o /usr/lib/../lib64/crtn.o
COLLECT_GCC_OPTIONS='-v' '-rdynamic' '-o' 'cmTC_db334' '-shared-libgcc' '-mtune=generic' '-march=x86-64'
gmake[1]: Leaving directory `/afs/cern.ch/user/r/rbosley/public/CLIC/mymarlin/build/CMakeFiles/CMakeTmp'


Parsed CXX implicit link information from above output:
  link line regex: [^( *|.*[/\])(ld|CMAKE_LINK_STARTFILE-NOTFOUND|([^/\]+-)?ld|collect2)[^/\]*( |$)]
  ignore line: [Change Dir: /afs/cern.ch/user/r/rbosley/public/CLIC/mymarlin/build/CMakeFiles/CMakeTmp]
  ignore line: []
  ignore line: [Run Build Command:"/usr/bin/gmake" "cmTC_db334/fast"]
  ignore line: [/usr/bin/gmake -f CMakeFiles/cmTC_db334.dir/build.make CMakeFiles/cmTC_db334.dir/build]
  ignore line: [gmake[1]: Entering directory `/afs/cern.ch/user/r/rbosley/public/CLIC/mymarlin/build/CMakeFiles/CMakeTmp']
  ignore line: [Building CXX object CMakeFiles/cmTC_db334.dir/CMakeCXXCompilerABI.cpp.o]
  ignore line: [/cvmfs/clicdp.cern.ch/compilers/gcc/7.3.0/x86_64-slc6/bin/g++     -o CMakeFiles/cmTC_db334.dir/CMakeCXXCompilerABI.cpp.o -c /cvmfs/clicdp.cern.ch/software/CMake/3.9.5/x86_64-slc6-gcc7-opt/share/cmake-3.9/Modules/CMakeCXXCompilerABI.cpp]
  ignore line: [Linking CXX executable cmTC_db334]
  ignore line: [/cvmfs/clicdp.cern.ch/software/CMake/3.9.5/x86_64-slc6-gcc7-opt/bin/cmake -E cmake_link_script CMakeFiles/cmTC_db334.dir/link.txt --verbose=1]
  ignore line: [/cvmfs/clicdp.cern.ch/compilers/gcc/7.3.0/x86_64-slc6/bin/g++      -v -rdynamic CMakeFiles/cmTC_db334.dir/CMakeCXXCompilerABI.cpp.o  -o cmTC_db334 ]
  ignore line: [Using built-in specs.]
  ignore line: [COLLECT_GCC=/cvmfs/clicdp.cern.ch/compilers/gcc/7.3.0/x86_64-slc6/bin/g++]
  ignore line: [COLLECT_LTO_WRAPPER=/cvmfs/clicdp.cern.ch/compilers/gcc/7.3.0/x86_64-slc6/libexec/gcc/x86_64-pc-linux-gnu/7.3.0/lto-wrapper]
  ignore line: [Target: x86_64-pc-linux-gnu]
  ignore line: [Configured with: ./configure --prefix=/cvmfs/clicdp.cern.ch/compilers/gcc/7.3.0/x86_64-slc6/]
  ignore line: [Thread model: posix]
  ignore line: [gcc version 7.3.0 (GCC) ]
  ignore line: [COMPILER_PATH=/cvmfs/clicdp.cern.ch/compilers/gcc/7.3.0/x86_64-slc6/libexec/gcc/x86_64-pc-linux-gnu/7.3.0/:/cvmfs/clicdp.cern.ch/compilers/gcc/7.3.0/x86_64-slc6/libexec/gcc/x86_64-pc-linux-gnu/7.3.0/:/cvmfs/clicdp.cern.ch/compilers/gcc/7.3.0/x86_64-slc6/libexec/gcc/x86_64-pc-linux-gnu/:/cvmfs/clicdp.cern.ch/compilers/gcc/7.3.0/x86_64-slc6/lib/gcc/x86_64-pc-linux-gnu/7.3.0/:/cvmfs/clicdp.cern.ch/compilers/gcc/7.3.0/x86_64-slc6/lib/gcc/x86_64-pc-linux-gnu/]
  ignore line: [LIBRARY_PATH=/cvmfs/clicdp.cern.ch/compilers/gcc/7.3.0/x86_64-slc6/lib/gcc/x86_64-pc-linux-gnu/7.3.0/:/cvmfs/clicdp.cern.ch/compilers/gcc/7.3.0/x86_64-slc6/lib/gcc/x86_64-pc-linux-gnu/7.3.0/../../../../lib64/:/lib/../lib64/:/usr/lib/../lib64/:/cvmfs/clicdp.cern.ch/compilers/gcc/7.3.0/x86_64-slc6/lib/gcc/x86_64-pc-linux-gnu/7.3.0/../../../:/lib/:/usr/lib/]
  ignore line: [COLLECT_GCC_OPTIONS='-v' '-rdynamic' '-o' 'cmTC_db334' '-shared-libgcc' '-mtune=generic' '-march=x86-64']
  link line: [ /cvmfs/clicdp.cern.ch/compilers/gcc/7.3.0/x86_64-slc6/libexec/gcc/x86_64-pc-linux-gnu/7.3.0/collect2 --eh-frame-hdr -m elf_x86_64 -export-dynamic -dynamic-linker /lib64/ld-linux-x86-64.so.2 -o cmTC_db334 /usr/lib/../lib64/crt1.o /usr/lib/../lib64/crti.o /cvmfs/clicdp.cern.ch/compilers/gcc/7.3.0/x86_64-slc6/lib/gcc/x86_64-pc-linux-gnu/7.3.0/crtbegin.o -L/cvmfs/clicdp.cern.ch/compilers/gcc/7.3.0/x86_64-slc6/lib/gcc/x86_64-pc-linux-gnu/7.3.0 -L/cvmfs/clicdp.cern.ch/compilers/gcc/7.3.0/x86_64-slc6/lib/gcc/x86_64-pc-linux-gnu/7.3.0/../../../../lib64 -L/lib/../lib64 -L/usr/lib/../lib64 -L/cvmfs/clicdp.cern.ch/compilers/gcc/7.3.0/x86_64-slc6/lib/gcc/x86_64-pc-linux-gnu/7.3.0/../../.. CMakeFiles/cmTC_db334.dir/CMakeCXXCompilerABI.cpp.o -lstdc++ -lm -lgcc_s -lgcc -lc -lgcc_s -lgcc /cvmfs/clicdp.cern.ch/compilers/gcc/7.3.0/x86_64-slc6/lib/gcc/x86_64-pc-linux-gnu/7.3.0/crtend.o /usr/lib/../lib64/crtn.o]
    arg [/cvmfs/clicdp.cern.ch/compilers/gcc/7.3.0/x86_64-slc6/libexec/gcc/x86_64-pc-linux-gnu/7.3.0/collect2] ==> ignore
    arg [--eh-frame-hdr] ==> ignore
    arg [-m] ==> ignore
    arg [elf_x86_64] ==> ignore
    arg [-export-dynamic] ==> ignore
    arg [-dynamic-linker] ==> ignore
    arg [/lib64/ld-linux-x86-64.so.2] ==> ignore
    arg [-o] ==> ignore
    arg [cmTC_db334] ==> ignore
    arg [/usr/lib/../lib64/crt1.o] ==> ignore
    arg [/usr/lib/../lib64/crti.o] ==> ignore
    arg [/cvmfs/clicdp.cern.ch/compilers/gcc/7.3.0/x86_64-slc6/lib/gcc/x86_64-pc-linux-gnu/7.3.0/crtbegin.o] ==> ignore
    arg [-L/cvmfs/clicdp.cern.ch/compilers/gcc/7.3.0/x86_64-slc6/lib/gcc/x86_64-pc-linux-gnu/7.3.0] ==> dir [/cvmfs/clicdp.cern.ch/compilers/gcc/7.3.0/x86_64-slc6/lib/gcc/x86_64-pc-linux-gnu/7.3.0]
    arg [-L/cvmfs/clicdp.cern.ch/compilers/gcc/7.3.0/x86_64-slc6/lib/gcc/x86_64-pc-linux-gnu/7.3.0/../../../../lib64] ==> dir [/cvmfs/clicdp.cern.ch/compilers/gcc/7.3.0/x86_64-slc6/lib/gcc/x86_64-pc-linux-gnu/7.3.0/../../../../lib64]
    arg [-L/lib/../lib64] ==> dir [/lib/../lib64]
    arg [-L/usr/lib/../lib64] ==> dir [/usr/lib/../lib64]
    arg [-L/cvmfs/clicdp.cern.ch/compilers/gcc/7.3.0/x86_64-slc6/lib/gcc/x86_64-pc-linux-gnu/7.3.0/../../..] ==> dir [/cvmfs/clicdp.cern.ch/compilers/gcc/7.3.0/x86_64-slc6/lib/gcc/x86_64-pc-linux-gnu/7.3.0/../../..]
    arg [CMakeFiles/cmTC_db334.dir/CMakeCXXCompilerABI.cpp.o] ==> ignore
    arg [-lstdc++] ==> lib [stdc++]
    arg [-lm] ==> lib [m]
    arg [-lgcc_s] ==> lib [gcc_s]
    arg [-lgcc] ==> lib [gcc]
    arg [-lc] ==> lib [c]
    arg [-lgcc_s] ==> lib [gcc_s]
    arg [-lgcc] ==> lib [gcc]
    arg [/cvmfs/clicdp.cern.ch/compilers/gcc/7.3.0/x86_64-slc6/lib/gcc/x86_64-pc-linux-gnu/7.3.0/crtend.o] ==> ignore
    arg [/usr/lib/../lib64/crtn.o] ==> ignore
  collapse library dir [/cvmfs/clicdp.cern.ch/compilers/gcc/7.3.0/x86_64-slc6/lib/gcc/x86_64-pc-linux-gnu/7.3.0] ==> [/cvmfs/clicdp.cern.ch/compilers/gcc/7.3.0/x86_64-slc6/lib/gcc/x86_64-pc-linux-gnu/7.3.0]
  collapse library dir [/cvmfs/clicdp.cern.ch/compilers/gcc/7.3.0/x86_64-slc6/lib/gcc/x86_64-pc-linux-gnu/7.3.0/../../../../lib64] ==> [/cvmfs/clicdp.cern.ch/compilers/gcc/7.3.0/x86_64-slc6/lib64]
  collapse library dir [/lib/../lib64] ==> [/lib64]
  collapse library dir [/usr/lib/../lib64] ==> [/usr/lib64]
  collapse library dir [/cvmfs/clicdp.cern.ch/compilers/gcc/7.3.0/x86_64-slc6/lib/gcc/x86_64-pc-linux-gnu/7.3.0/../../..] ==> [/cvmfs/clicdp.cern.ch/compilers/gcc/7.3.0/x86_64-slc6/lib]
  implicit libs: [stdc++;m;gcc_s;gcc;c;gcc_s;gcc]
  implicit dirs: [/cvmfs/clicdp.cern.ch/compilers/gcc/7.3.0/x86_64-slc6/lib/gcc/x86_64-pc-linux-gnu/7.3.0;/cvmfs/clicdp.cern.ch/compilers/gcc/7.3.0/x86_64-slc6/lib64;/lib64;/usr/lib64;/cvmfs/clicdp.cern.ch/compilers/gcc/7.3.0/x86_64-slc6/lib]
  implicit fwks: []




Detecting CXX [-std=c++1z] compiler features compiled with the following output:
Change Dir: /afs/cern.ch/user/r/rbosley/public/CLIC/mymarlin/build/CMakeFiles/CMakeTmp

Run Build Command:"/usr/bin/gmake" "cmTC_efbcb/fast"
/usr/bin/gmake -f CMakeFiles/cmTC_efbcb.dir/build.make CMakeFiles/cmTC_efbcb.dir/build
gmake[1]: Entering directory `/afs/cern.ch/user/r/rbosley/public/CLIC/mymarlin/build/CMakeFiles/CMakeTmp'
Building CXX object CMakeFiles/cmTC_efbcb.dir/feature_tests.cxx.o
/cvmfs/clicdp.cern.ch/compilers/gcc/7.3.0/x86_64-slc6/bin/g++    -std=c++1z -o CMakeFiles/cmTC_efbcb.dir/feature_tests.cxx.o -c /afs/cern.ch/user/r/rbosley/public/CLIC/mymarlin/build/CMakeFiles/feature_tests.cxx
Linking CXX executable cmTC_efbcb
/cvmfs/clicdp.cern.ch/software/CMake/3.9.5/x86_64-slc6-gcc7-opt/bin/cmake -E cmake_link_script CMakeFiles/cmTC_efbcb.dir/link.txt --verbose=1
/cvmfs/clicdp.cern.ch/compilers/gcc/7.3.0/x86_64-slc6/bin/g++       -rdynamic CMakeFiles/cmTC_efbcb.dir/feature_tests.cxx.o  -o cmTC_efbcb 
gmake[1]: Leaving directory `/afs/cern.ch/user/r/rbosley/public/CLIC/mymarlin/build/CMakeFiles/CMakeTmp'


    Feature record: CXX_FEATURE:1cxx_aggregate_default_initializers
    Feature record: CXX_FEATURE:1cxx_alias_templates
    Feature record: CXX_FEATURE:1cxx_alignas
    Feature record: CXX_FEATURE:1cxx_alignof
    Feature record: CXX_FEATURE:1cxx_attributes
    Feature record: CXX_FEATURE:1cxx_attribute_deprecated
    Feature record: CXX_FEATURE:1cxx_auto_type
    Feature record: CXX_FEATURE:1cxx_binary_literals
    Feature record: CXX_FEATURE:1cxx_constexpr
    Feature record: CXX_FEATURE:1cxx_contextual_conversions
    Feature record: CXX_FEATURE:1cxx_decltype
    Feature record: CXX_FEATURE:1cxx_decltype_auto
    Feature record: CXX_FEATURE:1cxx_decltype_incomplete_return_types
    Feature record: CXX_FEATURE:1cxx_default_function_template_args
    Feature record: CXX_FEATURE:1cxx_defaulted_functions
    Feature record: CXX_FEATURE:1cxx_defaulted_move_initializers
    Feature record: CXX_FEATURE:1cxx_delegating_constructors
    Feature record: CXX_FEATURE:1cxx_deleted_functions
    Feature record: CXX_FEATURE:1cxx_digit_separators
    Feature record: CXX_FEATURE:1cxx_enum_forward_declarations
    Feature record: CXX_FEATURE:1cxx_explicit_conversions
    Feature record: CXX_FEATURE:1cxx_extended_friend_declarations
    Feature record: CXX_FEATURE:1cxx_extern_templates
    Feature record: CXX_FEATURE:1cxx_final
    Feature record: CXX_FEATURE:1cxx_func_identifier
    Feature record: CXX_FEATURE:1cxx_generalized_initializers
    Feature record: CXX_FEATURE:1cxx_generic_lambdas
    Feature record: CXX_FEATURE:1cxx_inheriting_constructors
    Feature record: CXX_FEATURE:1cxx_inline_namespaces
    Feature record: CXX_FEATURE:1cxx_lambdas
    Feature record: CXX_FEATURE:1cxx_lambda_init_captures
    Feature record: CXX_FEATURE:1cxx_local_type_template_args
    Feature record: CXX_FEATURE:1cxx_long_long_type
    Feature record: CXX_FEATURE:1cxx_noexcept
    Feature record: CXX_FEATURE:1cxx_nonstatic_member_init
    Feature record: CXX_FEATURE:1cxx_nullptr
    Feature record: CXX_FEATURE:1cxx_override
    Feature record: CXX_FEATURE:1cxx_range_for
    Feature record: CXX_FEATURE:1cxx_raw_string_literals
    Feature record: CXX_FEATURE:1cxx_reference_qualified_functions
    Feature record: CXX_FEATURE:1cxx_relaxed_constexpr
    Feature record: CXX_FEATURE:1cxx_return_type_deduction
    Feature record: CXX_FEATURE:1cxx_right_angle_brackets
    Feature record: CXX_FEATURE:1cxx_rvalue_references
    Feature record: CXX_FEATURE:1cxx_sizeof_member
    Feature record: CXX_FEATURE:1cxx_static_assert
    Feature record: CXX_FEATURE:1cxx_strong_enums
    Feature record: CXX_FEATURE:1cxx_template_template_parameters
    Feature record: CXX_FEATURE:1cxx_thread_local
    Feature record: CXX_FEATURE:1cxx_trailing_return_types
    Feature record: CXX_FEATURE:1cxx_unicode_literals
    Feature record: CXX_FEATURE:1cxx_uniform_initialization
    Feature record: CXX_FEATURE:1cxx_unrestricted_unions
    Feature record: CXX_FEATURE:1cxx_user_literals
    Feature record: CXX_FEATURE:1cxx_variable_templates
    Feature record: CXX_FEATURE:1cxx_variadic_macros
    Feature record: CXX_FEATURE:1cxx_variadic_templates


Detecting CXX [-std=c++14] compiler features compiled with the following output:
Change Dir: /afs/cern.ch/user/r/rbosley/public/CLIC/mymarlin/build/CMakeFiles/CMakeTmp

Run Build Command:"/usr/bin/gmake" "cmTC_70a27/fast"
/usr/bin/gmake -f CMakeFiles/cmTC_70a27.dir/build.make CMakeFiles/cmTC_70a27.dir/build
gmake[1]: Entering directory `/afs/cern.ch/user/r/rbosley/public/CLIC/mymarlin/build/CMakeFiles/CMakeTmp'
Building CXX object CMakeFiles/cmTC_70a27.dir/feature_tests.cxx.o
/cvmfs/clicdp.cern.ch/compilers/gcc/7.3.0/x86_64-slc6/bin/g++    -std=c++14 -o CMakeFiles/cmTC_70a27.dir/feature_tests.cxx.o -c /afs/cern.ch/user/r/rbosley/public/CLIC/mymarlin/build/CMakeFiles/feature_tests.cxx
Linking CXX executable cmTC_70a27
/cvmfs/clicdp.cern.ch/software/CMake/3.9.5/x86_64-slc6-gcc7-opt/bin/cmake -E cmake_link_script CMakeFiles/cmTC_70a27.dir/link.txt --verbose=1
/cvmfs/clicdp.cern.ch/compilers/gcc/7.3.0/x86_64-slc6/bin/g++       -rdynamic CMakeFiles/cmTC_70a27.dir/feature_tests.cxx.o  -o cmTC_70a27 
gmake[1]: Leaving directory `/afs/cern.ch/user/r/rbosley/public/CLIC/mymarlin/build/CMakeFiles/CMakeTmp'


    Feature record: CXX_FEATURE:1cxx_aggregate_default_initializers
    Feature record: CXX_FEATURE:1cxx_alias_templates
    Feature record: CXX_FEATURE:1cxx_alignas
    Feature record: CXX_FEATURE:1cxx_alignof
    Feature record: CXX_FEATURE:1cxx_attributes
    Feature record: CXX_FEATURE:1cxx_attribute_deprecated
    Feature record: CXX_FEATURE:1cxx_auto_type
    Feature record: CXX_FEATURE:1cxx_binary_literals
    Feature record: CXX_FEATURE:1cxx_constexpr
    Feature record: CXX_FEATURE:1cxx_contextual_conversions
    Feature record: CXX_FEATURE:1cxx_decltype
    Feature record: CXX_FEATURE:1cxx_decltype_auto
    Feature record: CXX_FEATURE:1cxx_decltype_incomplete_return_types
    Feature record: CXX_FEATURE:1cxx_default_function_template_args
    Feature record: CXX_FEATURE:1cxx_defaulted_functions
    Feature record: CXX_FEATURE:1cxx_defaulted_move_initializers
    Feature record: CXX_FEATURE:1cxx_delegating_constructors
    Feature record: CXX_FEATURE:1cxx_deleted_functions
    Feature record: CXX_FEATURE:1cxx_digit_separators
    Feature record: CXX_FEATURE:1cxx_enum_forward_declarations
    Feature record: CXX_FEATURE:1cxx_explicit_conversions
    Feature record: CXX_FEATURE:1cxx_extended_friend_declarations
    Feature record: CXX_FEATURE:1cxx_extern_templates
    Feature record: CXX_FEATURE:1cxx_final
    Feature record: CXX_FEATURE:1cxx_func_identifier
    Feature record: CXX_FEATURE:1cxx_generalized_initializers
    Feature record: CXX_FEATURE:1cxx_generic_lambdas
    Feature record: CXX_FEATURE:1cxx_inheriting_constructors
    Feature record: CXX_FEATURE:1cxx_inline_namespaces
    Feature record: CXX_FEATURE:1cxx_lambdas
    Feature record: CXX_FEATURE:1cxx_lambda_init_captures
    Feature record: CXX_FEATURE:1cxx_local_type_template_args
    Feature record: CXX_FEATURE:1cxx_long_long_type
    Feature record: CXX_FEATURE:1cxx_noexcept
    Feature record: CXX_FEATURE:1cxx_nonstatic_member_init
    Feature record: CXX_FEATURE:1cxx_nullptr
    Feature record: CXX_FEATURE:1cxx_override
    Feature record: CXX_FEATURE:1cxx_range_for
    Feature record: CXX_FEATURE:1cxx_raw_string_literals
    Feature record: CXX_FEATURE:1cxx_reference_qualified_functions
    Feature record: CXX_FEATURE:1cxx_relaxed_constexpr
    Feature record: CXX_FEATURE:1cxx_return_type_deduction
    Feature record: CXX_FEATURE:1cxx_right_angle_brackets
    Feature record: CXX_FEATURE:1cxx_rvalue_references
    Feature record: CXX_FEATURE:1cxx_sizeof_member
    Feature record: CXX_FEATURE:1cxx_static_assert
    Feature record: CXX_FEATURE:1cxx_strong_enums
    Feature record: CXX_FEATURE:1cxx_template_template_parameters
    Feature record: CXX_FEATURE:1cxx_thread_local
    Feature record: CXX_FEATURE:1cxx_trailing_return_types
    Feature record: CXX_FEATURE:1cxx_unicode_literals
    Feature record: CXX_FEATURE:1cxx_uniform_initialization
    Feature record: CXX_FEATURE:1cxx_unrestricted_unions
    Feature record: CXX_FEATURE:1cxx_user_literals
    Feature record: CXX_FEATURE:1cxx_variable_templates
    Feature record: CXX_FEATURE:1cxx_variadic_macros
    Feature record: CXX_FEATURE:1cxx_variadic_templates


Detecting CXX [-std=c++11] compiler features compiled with the following output:
Change Dir: /afs/cern.ch/user/r/rbosley/public/CLIC/mymarlin/build/CMakeFiles/CMakeTmp

Run Build Command:"/usr/bin/gmake" "cmTC_78f62/fast"
/usr/bin/gmake -f CMakeFiles/cmTC_78f62.dir/build.make CMakeFiles/cmTC_78f62.dir/build
gmake[1]: Entering directory `/afs/cern.ch/user/r/rbosley/public/CLIC/mymarlin/build/CMakeFiles/CMakeTmp'
Building CXX object CMakeFiles/cmTC_78f62.dir/feature_tests.cxx.o
/cvmfs/clicdp.cern.ch/compilers/gcc/7.3.0/x86_64-slc6/bin/g++    -std=c++11 -o CMakeFiles/cmTC_78f62.dir/feature_tests.cxx.o -c /afs/cern.ch/user/r/rbosley/public/CLIC/mymarlin/build/CMakeFiles/feature_tests.cxx
Linking CXX executable cmTC_78f62
/cvmfs/clicdp.cern.ch/software/CMake/3.9.5/x86_64-slc6-gcc7-opt/bin/cmake -E cmake_link_script CMakeFiles/cmTC_78f62.dir/link.txt --verbose=1
/cvmfs/clicdp.cern.ch/compilers/gcc/7.3.0/x86_64-slc6/bin/g++       -rdynamic CMakeFiles/cmTC_78f62.dir/feature_tests.cxx.o  -o cmTC_78f62 
gmake[1]: Leaving directory `/afs/cern.ch/user/r/rbosley/public/CLIC/mymarlin/build/CMakeFiles/CMakeTmp'


    Feature record: CXX_FEATURE:0cxx_aggregate_default_initializers
    Feature record: CXX_FEATURE:1cxx_alias_templates
    Feature record: CXX_FEATURE:1cxx_alignas
    Feature record: CXX_FEATURE:1cxx_alignof
    Feature record: CXX_FEATURE:1cxx_attributes
    Feature record: CXX_FEATURE:0cxx_attribute_deprecated
    Feature record: CXX_FEATURE:1cxx_auto_type
    Feature record: CXX_FEATURE:0cxx_binary_literals
    Feature record: CXX_FEATURE:1cxx_constexpr
    Feature record: CXX_FEATURE:0cxx_contextual_conversions
    Feature record: CXX_FEATURE:1cxx_decltype
    Feature record: CXX_FEATURE:0cxx_decltype_auto
    Feature record: CXX_FEATURE:1cxx_decltype_incomplete_return_types
    Feature record: CXX_FEATURE:1cxx_default_function_template_args
    Feature record: CXX_FEATURE:1cxx_defaulted_functions
    Feature record: CXX_FEATURE:1cxx_defaulted_move_initializers
    Feature record: CXX_FEATURE:1cxx_delegating_constructors
    Feature record: CXX_FEATURE:1cxx_deleted_functions
    Feature record: CXX_FEATURE:0cxx_digit_separators
    Feature record: CXX_FEATURE:1cxx_enum_forward_declarations
    Feature record: CXX_FEATURE:1cxx_explicit_conversions
    Feature record: CXX_FEATURE:1cxx_extended_friend_declarations
    Feature record: CXX_FEATURE:1cxx_extern_templates
    Feature record: CXX_FEATURE:1cxx_final
    Feature record: CXX_FEATURE:1cxx_func_identifier
    Feature record: CXX_FEATURE:1cxx_generalized_initializers
    Feature record: CXX_FEATURE:0cxx_generic_lambdas
    Feature record: CXX_FEATURE:1cxx_inheriting_constructors
    Feature record: CXX_FEATURE:1cxx_inline_namespaces
    Feature record: CXX_FEATURE:1cxx_lambdas
    Feature record: CXX_FEATURE:0cxx_lambda_init_captures
    Feature record: CXX_FEATURE:1cxx_local_type_template_args
    Feature record: CXX_FEATURE:1cxx_long_long_type
    Feature record: CXX_FEATURE:1cxx_noexcept
    Feature record: CXX_FEATURE:1cxx_nonstatic_member_init
    Feature record: CXX_FEATURE:1cxx_nullptr
    Feature record: CXX_FEATURE:1cxx_override
    Feature record: CXX_FEATURE:1cxx_range_for
    Feature record: CXX_FEATURE:1cxx_raw_string_literals
    Feature record: CXX_FEATURE:1cxx_reference_qualified_functions
    Feature record: CXX_FEATURE:0cxx_relaxed_constexpr
    Feature record: CXX_FEATURE:0cxx_return_type_deduction
    Feature record: CXX_FEATURE:1cxx_right_angle_brackets
    Feature record: CXX_FEATURE:1cxx_rvalue_references
    Feature record: CXX_FEATURE:1cxx_sizeof_member
    Feature record: CXX_FEATURE:1cxx_static_assert
    Feature record: CXX_FEATURE:1cxx_strong_enums
    Feature record: CXX_FEATURE:1cxx_template_template_parameters
    Feature record: CXX_FEATURE:1cxx_thread_local
    Feature record: CXX_FEATURE:1cxx_trailing_return_types
    Feature record: CXX_FEATURE:1cxx_unicode_literals
    Feature record: CXX_FEATURE:1cxx_uniform_initialization
    Feature record: CXX_FEATURE:1cxx_unrestricted_unions
    Feature record: CXX_FEATURE:1cxx_user_literals
    Feature record: CXX_FEATURE:0cxx_variable_templates
    Feature record: CXX_FEATURE:1cxx_variadic_macros
    Feature record: CXX_FEATURE:1cxx_variadic_templates


Detecting CXX [-std=c++98] compiler features compiled with the following output:
Change Dir: /afs/cern.ch/user/r/rbosley/public/CLIC/mymarlin/build/CMakeFiles/CMakeTmp

Run Build Command:"/usr/bin/gmake" "cmTC_ed41e/fast"
/usr/bin/gmake -f CMakeFiles/cmTC_ed41e.dir/build.make CMakeFiles/cmTC_ed41e.dir/build
gmake[1]: Entering directory `/afs/cern.ch/user/r/rbosley/public/CLIC/mymarlin/build/CMakeFiles/CMakeTmp'
Building CXX object CMakeFiles/cmTC_ed41e.dir/feature_tests.cxx.o
/cvmfs/clicdp.cern.ch/compilers/gcc/7.3.0/x86_64-slc6/bin/g++    -std=c++98 -o CMakeFiles/cmTC_ed41e.dir/feature_tests.cxx.o -c /afs/cern.ch/user/r/rbosley/public/CLIC/mymarlin/build/CMakeFiles/feature_tests.cxx
Linking CXX executable cmTC_ed41e
/cvmfs/clicdp.cern.ch/software/CMake/3.9.5/x86_64-slc6-gcc7-opt/bin/cmake -E cmake_link_script CMakeFiles/cmTC_ed41e.dir/link.txt --verbose=1
/cvmfs/clicdp.cern.ch/compilers/gcc/7.3.0/x86_64-slc6/bin/g++       -rdynamic CMakeFiles/cmTC_ed41e.dir/feature_tests.cxx.o  -o cmTC_ed41e 
gmake[1]: Leaving directory `/afs/cern.ch/user/r/rbosley/public/CLIC/mymarlin/build/CMakeFiles/CMakeTmp'


    Feature record: CXX_FEATURE:0cxx_aggregate_default_initializers
    Feature record: CXX_FEATURE:0cxx_alias_templates
    Feature record: CXX_FEATURE:0cxx_alignas
    Feature record: CXX_FEATURE:0cxx_alignof
    Feature record: CXX_FEATURE:0cxx_attributes
    Feature record: CXX_FEATURE:0cxx_attribute_deprecated
    Feature record: CXX_FEATURE:0cxx_auto_type
    Feature record: CXX_FEATURE:0cxx_binary_literals
    Feature record: CXX_FEATURE:0cxx_constexpr
    Feature record: CXX_FEATURE:0cxx_contextual_conversions
    Feature record: CXX_FEATURE:0cxx_decltype
    Feature record: CXX_FEATURE:0cxx_decltype_auto
    Feature record: CXX_FEATURE:0cxx_decltype_incomplete_return_types
    Feature record: CXX_FEATURE:0cxx_default_function_template_args
    Feature record: CXX_FEATURE:0cxx_defaulted_functions
    Feature record: CXX_FEATURE:0cxx_defaulted_move_initializers
    Feature record: CXX_FEATURE:0cxx_delegating_constructors
    Feature record: CXX_FEATURE:0cxx_deleted_functions
    Feature record: CXX_FEATURE:0cxx_digit_separators
    Feature record: CXX_FEATURE:0cxx_enum_forward_declarations
    Feature record: CXX_FEATURE:0cxx_explicit_conversions
    Feature record: CXX_FEATURE:0cxx_extended_friend_declarations
    Feature record: CXX_FEATURE:0cxx_extern_templates
    Feature record: CXX_FEATURE:0cxx_final
    Feature record: CXX_FEATURE:0cxx_func_identifier
    Feature record: CXX_FEATURE:0cxx_generalized_initializers
    Feature record: CXX_FEATURE:0cxx_generic_lambdas
    Feature record: CXX_FEATURE:0cxx_inheriting_constructors
    Feature record: CXX_FEATURE:0cxx_inline_namespaces
    Feature record: CXX_FEATURE:0cxx_lambdas
    Feature record: CXX_FEATURE:0cxx_lambda_init_captures
    Feature record: CXX_FEATURE:0cxx_local_type_template_args
    Feature record: CXX_FEATURE:0cxx_long_long_type
    Feature record: CXX_FEATURE:0cxx_noexcept
    Feature record: CXX_FEATURE:0cxx_nonstatic_member_init
    Feature record: CXX_FEATURE:0cxx_nullptr
    Feature record: CXX_FEATURE:0cxx_override
    Feature record: CXX_FEATURE:0cxx_range_for
    Feature record: CXX_FEATURE:0cxx_raw_string_literals
    Feature record: CXX_FEATURE:0cxx_reference_qualified_functions
    Feature record: CXX_FEATURE:0cxx_relaxed_constexpr
    Feature record: CXX_FEATURE:0cxx_return_type_deduction
    Feature record: CXX_FEATURE:0cxx_right_angle_brackets
    Feature record: CXX_FEATURE:0cxx_rvalue_references
    Feature record: CXX_FEATURE:0cxx_sizeof_member
    Feature record: CXX_FEATURE:0cxx_static_assert
    Feature record: CXX_FEATURE:0cxx_strong_enums
    Feature record: CXX_FEATURE:1cxx_template_template_parameters
    Feature record: CXX_FEATURE:0cxx_thread_local
    Feature record: CXX_FEATURE:0cxx_trailing_return_types
    Feature record: CXX_FEATURE:0cxx_unicode_literals
    Feature record: CXX_FEATURE:0cxx_uniform_initialization
    Feature record: CXX_FEATURE:0cxx_unrestricted_unions
    Feature record: CXX_FEATURE:0cxx_user_literals
    Feature record: CXX_FEATURE:0cxx_variable_templates
    Feature record: CXX_FEATURE:0cxx_variadic_macros
    Feature record: CXX_FEATURE:0cxx_variadic_templates
Performing C++ SOURCE FILE Test CXX_FLAG_WORKS__Wall succeeded with the following output:
Change Dir: /afs/cern.ch/user/r/rbosley/public/CLIC/mymarlin/build/CMakeFiles/CMakeTmp

Run Build Command:"/usr/bin/gmake" "cmTC_ed597/fast"
/usr/bin/gmake -f CMakeFiles/cmTC_ed597.dir/build.make CMakeFiles/cmTC_ed597.dir/build
gmake[1]: Entering directory `/afs/cern.ch/user/r/rbosley/public/CLIC/mymarlin/build/CMakeFiles/CMakeTmp'
Building CXX object CMakeFiles/cmTC_ed597.dir/src.cxx.o
/cvmfs/clicdp.cern.ch/compilers/gcc/7.3.0/x86_64-slc6/bin/g++    -DCXX_FLAG_WORKS__Wall   -Wall -o CMakeFiles/cmTC_ed597.dir/src.cxx.o -c /afs/cern.ch/user/r/rbosley/public/CLIC/mymarlin/build/CMakeFiles/CMakeTmp/src.cxx
Linking CXX executable cmTC_ed597
/cvmfs/clicdp.cern.ch/software/CMake/3.9.5/x86_64-slc6-gcc7-opt/bin/cmake -E cmake_link_script CMakeFiles/cmTC_ed597.dir/link.txt --verbose=1
/cvmfs/clicdp.cern.ch/compilers/gcc/7.3.0/x86_64-slc6/bin/g++   -DCXX_FLAG_WORKS__Wall    -rdynamic CMakeFiles/cmTC_ed597.dir/src.cxx.o  -o cmTC_ed597 
gmake[1]: Leaving directory `/afs/cern.ch/user/r/rbosley/public/CLIC/mymarlin/build/CMakeFiles/CMakeTmp'

Source file was:
int main() { return 0; }
Performing C++ SOURCE FILE Test CXX_FLAG_WORKS__Wextra succeeded with the following output:
Change Dir: /afs/cern.ch/user/r/rbosley/public/CLIC/mymarlin/build/CMakeFiles/CMakeTmp

Run Build Command:"/usr/bin/gmake" "cmTC_b9cda/fast"
/usr/bin/gmake -f CMakeFiles/cmTC_b9cda.dir/build.make CMakeFiles/cmTC_b9cda.dir/build
gmake[1]: Entering directory `/afs/cern.ch/user/r/rbosley/public/CLIC/mymarlin/build/CMakeFiles/CMakeTmp'
Building CXX object CMakeFiles/cmTC_b9cda.dir/src.cxx.o
/cvmfs/clicdp.cern.ch/compilers/gcc/7.3.0/x86_64-slc6/bin/g++    -Wall  -DCXX_FLAG_WORKS__Wextra   -Wextra -o CMakeFiles/cmTC_b9cda.dir/src.cxx.o -c /afs/cern.ch/user/r/rbosley/public/CLIC/mymarlin/build/CMakeFiles/CMakeTmp/src.cxx
Linking CXX executable cmTC_b9cda
/cvmfs/clicdp.cern.ch/software/CMake/3.9.5/x86_64-slc6-gcc7-opt/bin/cmake -E cmake_link_script CMakeFiles/cmTC_b9cda.dir/link.txt --verbose=1
/cvmfs/clicdp.cern.ch/compilers/gcc/7.3.0/x86_64-slc6/bin/g++  -Wall  -DCXX_FLAG_WORKS__Wextra    -rdynamic CMakeFiles/cmTC_b9cda.dir/src.cxx.o  -o cmTC_b9cda 
gmake[1]: Leaving directory `/afs/cern.ch/user/r/rbosley/public/CLIC/mymarlin/build/CMakeFiles/CMakeTmp'

Source file was:
int main() { return 0; }
Performing C++ SOURCE FILE Test CXX_FLAG_WORKS__Wshadow succeeded with the following output:
Change Dir: /afs/cern.ch/user/r/rbosley/public/CLIC/mymarlin/build/CMakeFiles/CMakeTmp

Run Build Command:"/usr/bin/gmake" "cmTC_9dd17/fast"
/usr/bin/gmake -f CMakeFiles/cmTC_9dd17.dir/build.make CMakeFiles/cmTC_9dd17.dir/build
gmake[1]: Entering directory `/afs/cern.ch/user/r/rbosley/public/CLIC/mymarlin/build/CMakeFiles/CMakeTmp'
Building CXX object CMakeFiles/cmTC_9dd17.dir/src.cxx.o
/cvmfs/clicdp.cern.ch/compilers/gcc/7.3.0/x86_64-slc6/bin/g++    -Wextra -Wall  -DCXX_FLAG_WORKS__Wshadow   -Wshadow -o CMakeFiles/cmTC_9dd17.dir/src.cxx.o -c /afs/cern.ch/user/r/rbosley/public/CLIC/mymarlin/build/CMakeFiles/CMakeTmp/src.cxx
Linking CXX executable cmTC_9dd17
/cvmfs/clicdp.cern.ch/software/CMake/3.9.5/x86_64-slc6-gcc7-opt/bin/cmake -E cmake_link_script CMakeFiles/cmTC_9dd17.dir/link.txt --verbose=1
/cvmfs/clicdp.cern.ch/compilers/gcc/7.3.0/x86_64-slc6/bin/g++  -Wextra -Wall  -DCXX_FLAG_WORKS__Wshadow    -rdynamic CMakeFiles/cmTC_9dd17.dir/src.cxx.o  -o cmTC_9dd17 
gmake[1]: Leaving directory `/afs/cern.ch/user/r/rbosley/public/CLIC/mymarlin/build/CMakeFiles/CMakeTmp'

Source file was:
int main() { return 0; }
Performing C++ SOURCE FILE Test CXX_FLAG_WORKS__WeffcPP succeeded with the following output:
Change Dir: /afs/cern.ch/user/r/rbosley/public/CLIC/mymarlin/build/CMakeFiles/CMakeTmp

Run Build Command:"/usr/bin/gmake" "cmTC_dc3e0/fast"
/usr/bin/gmake -f CMakeFiles/cmTC_dc3e0.dir/build.make CMakeFiles/cmTC_dc3e0.dir/build
gmake[1]: Entering directory `/afs/cern.ch/user/r/rbosley/public/CLIC/mymarlin/build/CMakeFiles/CMakeTmp'
Building CXX object CMakeFiles/cmTC_dc3e0.dir/src.cxx.o
/cvmfs/clicdp.cern.ch/compilers/gcc/7.3.0/x86_64-slc6/bin/g++    -Wshadow -Wextra -Wall  -DCXX_FLAG_WORKS__WeffcPP   -Weffc++ -o CMakeFiles/cmTC_dc3e0.dir/src.cxx.o -c /afs/cern.ch/user/r/rbosley/public/CLIC/mymarlin/build/CMakeFiles/CMakeTmp/src.cxx
Linking CXX executable cmTC_dc3e0
/cvmfs/clicdp.cern.ch/software/CMake/3.9.5/x86_64-slc6-gcc7-opt/bin/cmake -E cmake_link_script CMakeFiles/cmTC_dc3e0.dir/link.txt --verbose=1
/cvmfs/clicdp.cern.ch/compilers/gcc/7.3.0/x86_64-slc6/bin/g++  -Wshadow -Wextra -Wall  -DCXX_FLAG_WORKS__WeffcPP    -rdynamic CMakeFiles/cmTC_dc3e0.dir/src.cxx.o  -o cmTC_dc3e0 
gmake[1]: Leaving directory `/afs/cern.ch/user/r/rbosley/public/CLIC/mymarlin/build/CMakeFiles/CMakeTmp'

Source file was:
int main() { return 0; }
Performing C++ SOURCE FILE Test CXX_FLAG_WORKS__pedantic succeeded with the following output:
Change Dir: /afs/cern.ch/user/r/rbosley/public/CLIC/mymarlin/build/CMakeFiles/CMakeTmp

Run Build Command:"/usr/bin/gmake" "cmTC_4536d/fast"
/usr/bin/gmake -f CMakeFiles/cmTC_4536d.dir/build.make CMakeFiles/cmTC_4536d.dir/build
gmake[1]: Entering directory `/afs/cern.ch/user/r/rbosley/public/CLIC/mymarlin/build/CMakeFiles/CMakeTmp'
Building CXX object CMakeFiles/cmTC_4536d.dir/src.cxx.o
/cvmfs/clicdp.cern.ch/compilers/gcc/7.3.0/x86_64-slc6/bin/g++    -Weffc++ -Wshadow -Wextra -Wall  -DCXX_FLAG_WORKS__pedantic   -pedantic -o CMakeFiles/cmTC_4536d.dir/src.cxx.o -c /afs/cern.ch/user/r/rbosley/public/CLIC/mymarlin/build/CMakeFiles/CMakeTmp/src.cxx
Linking CXX executable cmTC_4536d
/cvmfs/clicdp.cern.ch/software/CMake/3.9.5/x86_64-slc6-gcc7-opt/bin/cmake -E cmake_link_script CMakeFiles/cmTC_4536d.dir/link.txt --verbose=1
/cvmfs/clicdp.cern.ch/compilers/gcc/7.3.0/x86_64-slc6/bin/g++  -Weffc++ -Wshadow -Wextra -Wall  -DCXX_FLAG_WORKS__pedantic    -rdynamic CMakeFiles/cmTC_4536d.dir/src.cxx.o  -o cmTC_4536d 
gmake[1]: Leaving directory `/afs/cern.ch/user/r/rbosley/public/CLIC/mymarlin/build/CMakeFiles/CMakeTmp'

Source file was:
int main() { return 0; }
Performing C++ SOURCE FILE Test CXX_FLAG_WORKS__Wno_long_long succeeded with the following output:
Change Dir: /afs/cern.ch/user/r/rbosley/public/CLIC/mymarlin/build/CMakeFiles/CMakeTmp

Run Build Command:"/usr/bin/gmake" "cmTC_53b68/fast"
/usr/bin/gmake -f CMakeFiles/cmTC_53b68.dir/build.make CMakeFiles/cmTC_53b68.dir/build
gmake[1]: Entering directory `/afs/cern.ch/user/r/rbosley/public/CLIC/mymarlin/build/CMakeFiles/CMakeTmp'
Building CXX object CMakeFiles/cmTC_53b68.dir/src.cxx.o
/cvmfs/clicdp.cern.ch/compilers/gcc/7.3.0/x86_64-slc6/bin/g++    -pedantic -Weffc++ -Wshadow -Wextra -Wall  -DCXX_FLAG_WORKS__Wno_long_long   -Wno-long-long -o CMakeFiles/cmTC_53b68.dir/src.cxx.o -c /afs/cern.ch/user/r/rbosley/public/CLIC/mymarlin/build/CMakeFiles/CMakeTmp/src.cxx
Linking CXX executable cmTC_53b68
/cvmfs/clicdp.cern.ch/software/CMake/3.9.5/x86_64-slc6-gcc7-opt/bin/cmake -E cmake_link_script CMakeFiles/cmTC_53b68.dir/link.txt --verbose=1
/cvmfs/clicdp.cern.ch/compilers/gcc/7.3.0/x86_64-slc6/bin/g++  -pedantic -Weffc++ -Wshadow -Wextra -Wall  -DCXX_FLAG_WORKS__Wno_long_long    -rdynamic CMakeFiles/cmTC_53b68.dir/src.cxx.o  -o cmTC_53b68 
gmake[1]: Leaving directory `/afs/cern.ch/user/r/rbosley/public/CLIC/mymarlin/build/CMakeFiles/CMakeTmp'

Source file was:
int main() { return 0; }
Performing C++ SOURCE FILE Test CXX_FLAG_WORKS__Wuninitialized succeeded with the following output:
Change Dir: /afs/cern.ch/user/r/rbosley/public/CLIC/mymarlin/build/CMakeFiles/CMakeTmp

Run Build Command:"/usr/bin/gmake" "cmTC_1f2ff/fast"
/usr/bin/gmake -f CMakeFiles/cmTC_1f2ff.dir/build.make CMakeFiles/cmTC_1f2ff.dir/build
gmake[1]: Entering directory `/afs/cern.ch/user/r/rbosley/public/CLIC/mymarlin/build/CMakeFiles/CMakeTmp'
Building CXX object CMakeFiles/cmTC_1f2ff.dir/src.cxx.o
/cvmfs/clicdp.cern.ch/compilers/gcc/7.3.0/x86_64-slc6/bin/g++    -Wno-long-long -pedantic -Weffc++ -Wshadow -Wextra -Wall  -DCXX_FLAG_WORKS__Wuninitialized   -Wuninitialized -o CMakeFiles/cmTC_1f2ff.dir/src.cxx.o -c /afs/cern.ch/user/r/rbosley/public/CLIC/mymarlin/build/CMakeFiles/CMakeTmp/src.cxx
Linking CXX executable cmTC_1f2ff
/cvmfs/clicdp.cern.ch/software/CMake/3.9.5/x86_64-slc6-gcc7-opt/bin/cmake -E cmake_link_script CMakeFiles/cmTC_1f2ff.dir/link.txt --verbose=1
/cvmfs/clicdp.cern.ch/compilers/gcc/7.3.0/x86_64-slc6/bin/g++  -Wno-long-long -pedantic -Weffc++ -Wshadow -Wextra -Wall  -DCXX_FLAG_WORKS__Wuninitialized    -rdynamic CMakeFiles/cmTC_1f2ff.dir/src.cxx.o  -o cmTC_1f2ff 
gmake[1]: Leaving directory `/afs/cern.ch/user/r/rbosley/public/CLIC/mymarlin/build/CMakeFiles/CMakeTmp'

Source file was:
int main() { return 0; }
Performing C++ SOURCE FILE Test CXX_FLAG_WORKS__Wl,_no_undefined succeeded with the following output:
Change Dir: /afs/cern.ch/user/r/rbosley/public/CLIC/mymarlin/build/CMakeFiles/CMakeTmp

Run Build Command:"/usr/bin/gmake" "cmTC_35f54/fast"
/usr/bin/gmake -f CMakeFiles/cmTC_35f54.dir/build.make CMakeFiles/cmTC_35f54.dir/build
gmake[1]: Entering directory `/afs/cern.ch/user/r/rbosley/public/CLIC/mymarlin/build/CMakeFiles/CMakeTmp'
Building CXX object CMakeFiles/cmTC_35f54.dir/src.cxx.o
/cvmfs/clicdp.cern.ch/compilers/gcc/7.3.0/x86_64-slc6/bin/g++    -Wuninitialized -Wno-long-long -pedantic -Weffc++ -Wshadow -Wextra -Wall  -DCXX_FLAG_WORKS__Wl,_no_undefined   -Wl,-no-undefined -o CMakeFiles/cmTC_35f54.dir/src.cxx.o -c /afs/cern.ch/user/r/rbosley/public/CLIC/mymarlin/build/CMakeFiles/CMakeTmp/src.cxx
<command-line>:0:19: warning: ISO C++11 requires whitespace after the macro name
Linking CXX executable cmTC_35f54
/cvmfs/clicdp.cern.ch/software/CMake/3.9.5/x86_64-slc6-gcc7-opt/bin/cmake -E cmake_link_script CMakeFiles/cmTC_35f54.dir/link.txt --verbose=1
/cvmfs/clicdp.cern.ch/compilers/gcc/7.3.0/x86_64-slc6/bin/g++  -Wuninitialized -Wno-long-long -pedantic -Weffc++ -Wshadow -Wextra -Wall  -DCXX_FLAG_WORKS__Wl,_no_undefined    -rdynamic CMakeFiles/cmTC_35f54.dir/src.cxx.o  -o cmTC_35f54 
gmake[1]: Leaving directory `/afs/cern.ch/user/r/rbosley/public/CLIC/mymarlin/build/CMakeFiles/CMakeTmp'

Source file was:
int main() { return 0; }
Performing C++ SOURCE FILE Test CXX_FLAG_WORKS_stdCXX11 succeeded with the following output:
Change Dir: /afs/cern.ch/user/r/rbosley/public/CLIC/mymarlin/build/CMakeFiles/CMakeTmp

Run Build Command:"/usr/bin/gmake" "cmTC_ae601/fast"
/usr/bin/gmake -f CMakeFiles/cmTC_ae601.dir/build.make CMakeFiles/cmTC_ae601.dir/build
gmake[1]: Entering directory `/afs/cern.ch/user/r/rbosley/public/CLIC/mymarlin/build/CMakeFiles/CMakeTmp'
Building CXX object CMakeFiles/cmTC_ae601.dir/src.cxx.o
/cvmfs/clicdp.cern.ch/compilers/gcc/7.3.0/x86_64-slc6/bin/g++    -Wl,-no-undefined -Wuninitialized -Wno-long-long -pedantic -Weffc++ -Wshadow -Wextra -Wall  -DCXX_FLAG_WORKS_stdCXX11   -std=c++11 -o CMakeFiles/cmTC_ae601.dir/src.cxx.o -c /afs/cern.ch/user/r/rbosley/public/CLIC/mymarlin/build/CMakeFiles/CMakeTmp/src.cxx
Linking CXX executable cmTC_ae601
/cvmfs/clicdp.cern.ch/software/CMake/3.9.5/x86_64-slc6-gcc7-opt/bin/cmake -E cmake_link_script CMakeFiles/cmTC_ae601.dir/link.txt --verbose=1
/cvmfs/clicdp.cern.ch/compilers/gcc/7.3.0/x86_64-slc6/bin/g++  -Wl,-no-undefined -Wuninitialized -Wno-long-long -pedantic -Weffc++ -Wshadow -Wextra -Wall  -DCXX_FLAG_WORKS_stdCXX11    -rdynamic CMakeFiles/cmTC_ae601.dir/src.cxx.o  -o cmTC_ae601 
gmake[1]: Leaving directory `/afs/cern.ch/user/r/rbosley/public/CLIC/mymarlin/build/CMakeFiles/CMakeTmp'

Source file was:
int main() { return 0; }
